-------------------------------------------------------------------------------
Test set: TestSuite
-------------------------------------------------------------------------------
Tests run: 1, Failures: 1, Errors: 0, Skipped: 0, Time elapsed: 0.949 s <<< FAILURE! - in TestSuite
gotoSeleniumWikiPageFailure(ua.aqa.aqa)  Time elapsed: 0.015 s  <<< FAILURE!
java.lang.NullPointerException
	at ua.aqa.aqa.gotoSeleniumWikiPageFailure(aqa.java:41)

