<?xml version="1.0" encoding="UTF-8"?>
<testng-results total="2" passed="1" failed="1" skipped="0">
  <reporter-output>
  </reporter-output>
  <suite started-at="2018-04-04T12:41:48Z" name="Suite1" finished-at="2018-04-04T12:42:05Z" duration-ms="16323">
    <groups>
      <group name="unit">
        <method signature="aqa.gotoSeleniumWikiPage()[pri:0, instance:ua.aqa.aqa@1700915]" name="gotoSeleniumWikiPage" class="ua.aqa.aqa"/>
      </group> <!-- unit -->
      <group name="web">
        <method signature="aqa.gotoSeleniumWikiPageFailure()[pri:0, instance:ua.aqa.aqa@1700915]" name="gotoSeleniumWikiPageFailure" class="ua.aqa.aqa"/>
      </group> <!-- web -->
    </groups>
    <test started-at="2018-04-04T12:41:48Z" name="Nopackage" finished-at="2018-04-04T12:42:05Z" duration-ms="16323">
      <class name="ua.aqa.aqa">
        <test-method is-config="true" signature="setUp()[pri:0, instance:ua.aqa.aqa@1700915]" started-at="2018-04-04T15:41:48Z" name="setUp" finished-at="2018-04-04T15:41:58Z" duration-ms="10203" status="PASS">
          <reporter-output>
          </reporter-output>
        </test-method> <!-- setUp -->
        <test-method signature="gotoSeleniumWikiPage()[pri:0, instance:ua.aqa.aqa@1700915]" started-at="2018-04-04T15:41:58Z" name="gotoSeleniumWikiPage" finished-at="2018-04-04T15:42:02Z" duration-ms="3712" status="PASS">
          <reporter-output>
          </reporter-output>
        </test-method> <!-- gotoSeleniumWikiPage -->
        <test-method signature="gotoSeleniumWikiPageFailure()[pri:0, instance:ua.aqa.aqa@1700915]" started-at="2018-04-04T15:42:02Z" name="gotoSeleniumWikiPageFailure" finished-at="2018-04-04T15:42:05Z" duration-ms="2386" status="FAIL">
          <exception class="java.lang.AssertionError">
            <message>
              <![CDATA[expected [Selenium WebDriver] but found [Selenium]]]>
            </message>
            <full-stacktrace>
              <![CDATA[java.lang.AssertionError: expected [Selenium WebDriver] but found [Selenium]
	at org.testng.Assert.fail(Assert.java:94)
	at org.testng.Assert.failNotEquals(Assert.java:496)
	at org.testng.Assert.assertEquals(Assert.java:125)
	at org.testng.Assert.assertEquals(Assert.java:178)
	at org.testng.Assert.assertEquals(Assert.java:188)
	at ua.aqa.aqa.gotoSeleniumWikiPageFailure(aqa.java:50)
	at java.base/jdk.internal.reflect.NativeMethodAccessorImpl.invoke0(Native Method)
	at java.base/jdk.internal.reflect.NativeMethodAccessorImpl.invoke(NativeMethodAccessorImpl.java:62)
	at java.base/jdk.internal.reflect.DelegatingMethodAccessorImpl.invoke(DelegatingMethodAccessorImpl.java:43)
	at java.base/java.lang.reflect.Method.invoke(Method.java:564)
	at org.testng.internal.MethodInvocationHelper.invokeMethod(MethodInvocationHelper.java:85)
	at org.testng.internal.Invoker.invokeMethod(Invoker.java:639)
	at org.testng.internal.Invoker.invokeTestMethod(Invoker.java:821)
	at org.testng.internal.Invoker.invokeTestMethods(Invoker.java:1131)
	at org.testng.internal.TestMethodWorker.invokeTestMethods(TestMethodWorker.java:124)
	at org.testng.internal.TestMethodWorker.run(TestMethodWorker.java:108)
	at org.testng.TestRunner.privateRun(TestRunner.java:773)
	at org.testng.TestRunner.run(TestRunner.java:623)
	at org.testng.SuiteRunner.runTest(SuiteRunner.java:357)
	at org.testng.SuiteRunner.runSequentially(SuiteRunner.java:352)
	at org.testng.SuiteRunner.privateRun(SuiteRunner.java:310)
	at org.testng.SuiteRunner.run(SuiteRunner.java:259)
	at org.testng.SuiteRunnerWorker.runSuite(SuiteRunnerWorker.java:52)
	at org.testng.SuiteRunnerWorker.run(SuiteRunnerWorker.java:86)
	at org.testng.TestNG.runSuitesSequentially(TestNG.java:1185)
	at org.testng.TestNG.runSuitesLocally(TestNG.java:1110)
	at org.testng.TestNG.run(TestNG.java:1018)
	at org.testng.IDEARemoteTestNG.run(IDEARemoteTestNG.java:72)
	at org.testng.RemoteTestNGStarter.main(RemoteTestNGStarter.java:123)
]]>
            </full-stacktrace>
          </exception> <!-- java.lang.AssertionError -->
          <reporter-output>
          </reporter-output>
        </test-method> <!-- gotoSeleniumWikiPageFailure -->
      </class> <!-- ua.aqa.aqa -->
    </test> <!-- Nopackage -->
  </suite> <!-- Suite1 -->
</testng-results>
